#
# There is insufficient memory for the Java Runtime Environment to continue.
# Native memory allocation (malloc) failed to allocate 21757952 bytes for committing reserved memory.
# Possible reasons:
#   The system is out of physical RAM or swap space
#   In 32 bit mode, the process size limit was hit
# Possible solutions:
#   Reduce memory load on the system
#   Increase physical memory or swap space
#   Check if swap backing store is full
#   Use 64 bit Java on a 64 bit OS
#   Decrease Java heap size (-Xmx/-Xms)
#   Decrease number of Java threads
#   Decrease Java thread stack sizes (-Xss)
#   Set larger code cache with -XX:ReservedCodeCacheSize=
# This output file may be truncated or incomplete.
#
#  Out of Memory Error (os_linux.cpp:2747), pid=32158, tid=140044315215616
#
# JRE version:  (7.0_60-b19) (build )
# Java VM: Java HotSpot(TM) 64-Bit Server VM (24.60-b09 mixed mode linux-amd64 compressed oops)
# Failed to write core dump. Core dumps have been disabled. To enable core dumping, try "ulimit -c unlimited" before starting Java again
#

---------------  T H R E A D  ---------------

Current thread (0x00007f5e94009800):  JavaThread "Unknown thread" [_thread_in_vm, id=32163, stack(0x00007f5e9b994000,0x00007f5e9ba95000)]

Stack: [0x00007f5e9b994000,0x00007f5e9ba95000],  sp=0x00007f5e9ba93050,  free space=1020k
Native frames: (J=compiled Java code, j=interpreted, Vv=VM code, C=native code)
V  [libjvm.so+0x99e7ca]  VMError::report_and_die()+0x2ea
V  [libjvm.so+0x496fbb]  report_vm_out_of_memory(char const*, int, unsigned long, char const*)+0x9b
V  [libjvm.so+0x81d81e]  os::Linux::commit_memory_impl(char*, unsigned long, bool)+0xfe
V  [libjvm.so+0x81dd69]  os::pd_commit_memory(char*, unsigned long, unsigned long, bool)+0x29
V  [libjvm.so+0x817b0a]  os::commit_memory(char*, unsigned long, unsigned long, bool)+0x2a
V  [libjvm.so+0x999fd9]  VirtualSpace::expand_by(unsigned long, bool)+0x1c9
V  [libjvm.so+0x99a15d]  VirtualSpace::initialize(ReservedSpace, unsigned long)+0xcd
V  [libjvm.so+0x5782cf]  CardGeneration::CardGeneration(ReservedSpace, unsigned long, int, GenRemSet*)+0x11f
V  [libjvm.so+0x437438]  CompactingPermGenGen::CompactingPermGenGen(ReservedSpace, ReservedSpace, unsigned long, int, GenRemSet*, ContiguousSpace*, PermanentGenerationSpec*)+0xba
V  [libjvm.so+0x860b33]  CompactingPermGen::CompactingPermGen(ReservedSpace, ReservedSpace, unsigned long, GenRemSet*, PermanentGenerationSpec*)+0xe3
V  [libjvm.so+0x5793b8]  PermanentGenerationSpec::init(ReservedSpace, unsigned long, GenRemSet*)+0x1c8
V  [libjvm.so+0x569dbd]  GenCollectedHeap::initialize()+0x47d
V  [libjvm.so+0x971bfa]  Universe::initialize_heap()+0xca
V  [libjvm.so+0x972dc9]  universe_init()+0x79
V  [libjvm.so+0x5b0785]  init_globals()+0x65
V  [libjvm.so+0x95a72d]  Threads::create_vm(JavaVMInitArgs*, bool*)+0x1ed
V  [libjvm.so+0x6387c4]  JNI_CreateJavaVM+0x74
C  [libjli.so+0x2f8e]  JavaMain+0x9e


---------------  P R O C E S S  ---------------

Java Threads: ( => current thread )

Other Threads:

=>0x00007f5e94009800 (exited) JavaThread "Unknown thread" [_thread_in_vm, id=32163, stack(0x00007f5e9b994000,0x00007f5e9ba95000)]

VM state:not at safepoint (not fully initialized)

VM Mutex/Monitor currently owned by a thread: None

GC Heap History (0 events):
No events

Deoptimization events (0 events):
No events

Internal exceptions (0 events):
No events

Events (0 events):
No events


Dynamic libraries:
00400000-00401000 r-xp 00000000 fd:01 937056                             /usr/lib/jvm/java-7-oracle/bin/javac
00600000-00601000 rw-p 00000000 fd:01 937056                             /usr/lib/jvm/java-7-oracle/bin/javac
01364000-01385000 rw-p 00000000 00:00 0                                  [heap]
f3000000-f32a0000 rw-p 00000000 00:00 0 
f32a0000-f5a00000 rw-p 00000000 00:00 0 
f5a00000-f5f60000 rw-p 00000000 00:00 0 
f5f60000-fae00000 rw-p 00000000 00:00 0 
fc2c0000-100000000 rw-p 00000000 00:00 0 
7f5e91000000-7f5e91270000 rwxp 00000000 00:00 0 
7f5e91270000-7f5e94027000 rw-p 00000000 00:00 0 
7f5e94027000-7f5e98000000 ---p 00000000 00:00 0 
7f5e98996000-7f5e98be0000 rw-p 00000000 00:00 0 
7f5e98be0000-7f5e98c08000 rw-p 00000000 00:00 0 
7f5e98c08000-7f5e98c0a000 rw-p 00000000 00:00 0 
7f5e98c0a000-7f5e98c1d000 rw-p 00000000 00:00 0 
7f5e98c1d000-7f5e98c20000 rw-p 00000000 00:00 0 
7f5e98c20000-7f5e98c70000 rw-p 00000000 00:00 0 
7f5e98c70000-7f5e98c71000 rw-p 00000000 00:00 0 
7f5e98c71000-7f5e98c8b000 r-xp 00000000 fd:01 926882                     /usr/lib/jvm/java-7-oracle/jre/lib/amd64/libzip.so
7f5e98c8b000-7f5e98e8b000 ---p 0001a000 fd:01 926882                     /usr/lib/jvm/java-7-oracle/jre/lib/amd64/libzip.so
7f5e98e8b000-7f5e98e8c000 rw-p 0001a000 fd:01 926882                     /usr/lib/jvm/java-7-oracle/jre/lib/amd64/libzip.so
7f5e98e8c000-7f5e98e97000 r-xp 00000000 fd:01 393443                     /lib/x86_64-linux-gnu/libnss_files-2.19.so
7f5e98e97000-7f5e99096000 ---p 0000b000 fd:01 393443                     /lib/x86_64-linux-gnu/libnss_files-2.19.so
7f5e99096000-7f5e99097000 r--p 0000a000 fd:01 393443                     /lib/x86_64-linux-gnu/libnss_files-2.19.so
7f5e99097000-7f5e99098000 rw-p 0000b000 fd:01 393443                     /lib/x86_64-linux-gnu/libnss_files-2.19.so
7f5e99098000-7f5e990a3000 r-xp 00000000 fd:01 393447                     /lib/x86_64-linux-gnu/libnss_nis-2.19.so
7f5e990a3000-7f5e992a2000 ---p 0000b000 fd:01 393447                     /lib/x86_64-linux-gnu/libnss_nis-2.19.so
7f5e992a2000-7f5e992a3000 r--p 0000a000 fd:01 393447                     /lib/x86_64-linux-gnu/libnss_nis-2.19.so
7f5e992a3000-7f5e992a4000 rw-p 0000b000 fd:01 393447                     /lib/x86_64-linux-gnu/libnss_nis-2.19.so
7f5e992a4000-7f5e992bb000 r-xp 00000000 fd:01 393437                     /lib/x86_64-linux-gnu/libnsl-2.19.so
7f5e992bb000-7f5e994ba000 ---p 00017000 fd:01 393437                     /lib/x86_64-linux-gnu/libnsl-2.19.so
7f5e994ba000-7f5e994bb000 r--p 00016000 fd:01 393437                     /lib/x86_64-linux-gnu/libnsl-2.19.so
7f5e994bb000-7f5e994bc000 rw-p 00017000 fd:01 393437                     /lib/x86_64-linux-gnu/libnsl-2.19.so
7f5e994bc000-7f5e994be000 rw-p 00000000 00:00 0 
7f5e994be000-7f5e994c7000 r-xp 00000000 fd:01 393439                     /lib/x86_64-linux-gnu/libnss_compat-2.19.so
7f5e994c7000-7f5e996c6000 ---p 00009000 fd:01 393439                     /lib/x86_64-linux-gnu/libnss_compat-2.19.so
7f5e996c6000-7f5e996c7000 r--p 00008000 fd:01 393439                     /lib/x86_64-linux-gnu/libnss_compat-2.19.so
7f5e996c7000-7f5e996c8000 rw-p 00009000 fd:01 393439                     /lib/x86_64-linux-gnu/libnss_compat-2.19.so
7f5e996c8000-7f5e996f1000 r-xp 00000000 fd:01 926859                     /usr/lib/jvm/java-7-oracle/jre/lib/amd64/libjava.so
7f5e996f1000-7f5e998f1000 ---p 00029000 fd:01 926859                     /usr/lib/jvm/java-7-oracle/jre/lib/amd64/libjava.so
7f5e998f1000-7f5e998f3000 rw-p 00029000 fd:01 926859                     /usr/lib/jvm/java-7-oracle/jre/lib/amd64/libjava.so
7f5e998f3000-7f5e99900000 r-xp 00000000 fd:01 926842                     /usr/lib/jvm/java-7-oracle/jre/lib/amd64/libverify.so
7f5e99900000-7f5e99aff000 ---p 0000d000 fd:01 926842                     /usr/lib/jvm/java-7-oracle/jre/lib/amd64/libverify.so
7f5e99aff000-7f5e99b01000 rw-p 0000c000 fd:01 926842                     /usr/lib/jvm/java-7-oracle/jre/lib/amd64/libverify.so
7f5e99b01000-7f5e99b08000 r-xp 00000000 fd:01 393480                     /lib/x86_64-linux-gnu/librt-2.19.so
7f5e99b08000-7f5e99d07000 ---p 00007000 fd:01 393480                     /lib/x86_64-linux-gnu/librt-2.19.so
7f5e99d07000-7f5e99d08000 r--p 00006000 fd:01 393480                     /lib/x86_64-linux-gnu/librt-2.19.so
7f5e99d08000-7f5e99d09000 rw-p 00007000 fd:01 393480                     /lib/x86_64-linux-gnu/librt-2.19.so
7f5e99d09000-7f5e99e0e000 r-xp 00000000 fd:01 393422                     /lib/x86_64-linux-gnu/libm-2.19.so
7f5e99e0e000-7f5e9a00d000 ---p 00105000 fd:01 393422                     /lib/x86_64-linux-gnu/libm-2.19.so
7f5e9a00d000-7f5e9a00e000 r--p 00104000 fd:01 393422                     /lib/x86_64-linux-gnu/libm-2.19.so
7f5e9a00e000-7f5e9a00f000 rw-p 00105000 fd:01 393422                     /lib/x86_64-linux-gnu/libm-2.19.so
7f5e9a00f000-7f5e9ab7f000 r-xp 00000000 fd:01 926849                     /usr/lib/jvm/java-7-oracle/jre/lib/amd64/server/libjvm.so
7f5e9ab7f000-7f5e9ad7e000 ---p 00b70000 fd:01 926849                     /usr/lib/jvm/java-7-oracle/jre/lib/amd64/server/libjvm.so
7f5e9ad7e000-7f5e9ae42000 rw-p 00b6f000 fd:01 926849                     /usr/lib/jvm/java-7-oracle/jre/lib/amd64/server/libjvm.so
7f5e9ae42000-7f5e9ae83000 rw-p 00000000 00:00 0 
7f5e9ae83000-7f5e9b03f000 r-xp 00000000 fd:01 393384                     /lib/x86_64-linux-gnu/libc-2.19.so
7f5e9b03f000-7f5e9b23e000 ---p 001bc000 fd:01 393384                     /lib/x86_64-linux-gnu/libc-2.19.so
7f5e9b23e000-7f5e9b242000 r--p 001bb000 fd:01 393384                     /lib/x86_64-linux-gnu/libc-2.19.so
7f5e9b242000-7f5e9b244000 rw-p 001bf000 fd:01 393384                     /lib/x86_64-linux-gnu/libc-2.19.so
7f5e9b244000-7f5e9b249000 rw-p 00000000 00:00 0 
7f5e9b249000-7f5e9b24c000 r-xp 00000000 fd:01 393400                     /lib/x86_64-linux-gnu/libdl-2.19.so
7f5e9b24c000-7f5e9b44b000 ---p 00003000 fd:01 393400                     /lib/x86_64-linux-gnu/libdl-2.19.so
7f5e9b44b000-7f5e9b44c000 r--p 00002000 fd:01 393400                     /lib/x86_64-linux-gnu/libdl-2.19.so
7f5e9b44c000-7f5e9b44d000 rw-p 00003000 fd:01 393400                     /lib/x86_64-linux-gnu/libdl-2.19.so
7f5e9b44d000-7f5e9b463000 r-xp 00000000 fd:01 936991                     /usr/lib/jvm/java-7-oracle/lib/amd64/jli/libjli.so
7f5e9b463000-7f5e9b663000 ---p 00016000 fd:01 936991                     /usr/lib/jvm/java-7-oracle/lib/amd64/jli/libjli.so
7f5e9b663000-7f5e9b664000 rw-p 00016000 fd:01 936991                     /usr/lib/jvm/java-7-oracle/lib/amd64/jli/libjli.so
7f5e9b664000-7f5e9b67d000 r-xp 00000000 fd:01 393474                     /lib/x86_64-linux-gnu/libpthread-2.19.so
7f5e9b67d000-7f5e9b87c000 ---p 00019000 fd:01 393474                     /lib/x86_64-linux-gnu/libpthread-2.19.so
7f5e9b87c000-7f5e9b87d000 r--p 00018000 fd:01 393474                     /lib/x86_64-linux-gnu/libpthread-2.19.so
7f5e9b87d000-7f5e9b87e000 rw-p 00019000 fd:01 393474                     /lib/x86_64-linux-gnu/libpthread-2.19.so
7f5e9b87e000-7f5e9b882000 rw-p 00000000 00:00 0 
7f5e9b882000-7f5e9b8a5000 r-xp 00000000 fd:01 393364                     /lib/x86_64-linux-gnu/ld-2.19.so
7f5e9b8cc000-7f5e9b8d6000 rw-p 00000000 00:00 0 
7f5e9b8d6000-7f5e9b98c000 rw-p 00000000 00:00 0 
7f5e9b98c000-7f5e9b994000 rw-s 00000000 fd:01 267556                     /tmp/hsperfdata_root/32158
7f5e9b994000-7f5e9b997000 ---p 00000000 00:00 0 
7f5e9b997000-7f5e9ba99000 rw-p 00000000 00:00 0                          [stack:32163]
7f5e9ba9e000-7f5e9baa1000 rw-p 00000000 00:00 0 
7f5e9baa1000-7f5e9baa2000 r--p 00000000 00:00 0 
7f5e9baa2000-7f5e9baa4000 rw-p 00000000 00:00 0 
7f5e9baa4000-7f5e9baa5000 r--p 00022000 fd:01 393364                     /lib/x86_64-linux-gnu/ld-2.19.so
7f5e9baa5000-7f5e9baa6000 rw-p 00023000 fd:01 393364                     /lib/x86_64-linux-gnu/ld-2.19.so
7f5e9baa6000-7f5e9baa7000 rw-p 00000000 00:00 0 
7fffe721c000-7fffe723d000 rw-p 00000000 00:00 0                          [stack]
7fffe7288000-7fffe728a000 r-xp 00000000 00:00 0                          [vdso]
ffffffffff600000-ffffffffff601000 r-xp 00000000 00:00 0                  [vsyscall]

VM Arguments:
jvm_args: -Dapplication.home=/usr/lib/jvm/java-7-oracle -Xms8m 
java_command: com.sun.tools.javac.Main @/tmp/sbt_7ced6b6b/argfile
Launcher Type: SUN_STANDARD

Environment Variables:
PATH=/usr/local/sbin:/usr/local/bin:/usr/sbin:/usr/bin:/sbin:/bin:/usr/games:/usr/local/games
SHELL=/bin/bash

Signal Handlers:
SIGSEGV: [libjvm.so+0x99f0f0], sa_mask[0]=0x7ffbfeff, sa_flags=0x10000004
SIGBUS: [libjvm.so+0x99f0f0], sa_mask[0]=0x7ffbfeff, sa_flags=0x10000004
SIGFPE: [libjvm.so+0x81a6d0], sa_mask[0]=0x7ffbfeff, sa_flags=0x10000004
SIGPIPE: [libjvm.so+0x81a6d0], sa_mask[0]=0x7ffbfeff, sa_flags=0x10000004
SIGXFSZ: [libjvm.so+0x81a6d0], sa_mask[0]=0x7ffbfeff, sa_flags=0x10000004
SIGILL: [libjvm.so+0x81a6d0], sa_mask[0]=0x7ffbfeff, sa_flags=0x10000004
SIGUSR1: SIG_DFL, sa_mask[0]=0x00000000, sa_flags=0x00000000
SIGUSR2: [libjvm.so+0x81bed0], sa_mask[0]=0x00000004, sa_flags=0x10000004
SIGHUP: SIG_DFL, sa_mask[0]=0x00000000, sa_flags=0x00000000
SIGINT: SIG_DFL, sa_mask[0]=0x00000000, sa_flags=0x00000000
SIGTERM: SIG_DFL, sa_mask[0]=0x00000000, sa_flags=0x00000000
SIGQUIT: SIG_DFL, sa_mask[0]=0x00000000, sa_flags=0x00000000


---------------  S Y S T E M  ---------------

OS:jessie/sid

uname:Linux 3.13.0-24-generic #46-Ubuntu SMP Thu Apr 10 19:11:08 UTC 2014 x86_64
libc:glibc 2.19 NPTL 2.19 
rlimit: STACK 8192k, CORE 0k, NPROC 3751, NOFILE 4096, AS infinity
load average:1.73 0.73 0.36

/proc/meminfo:
MemTotal:         501876 kB
MemFree:            7696 kB
Buffers:             336 kB
Cached:             7296 kB
SwapCached:            0 kB
Active:           452088 kB
Inactive:           4392 kB
Active(anon):     448976 kB
Inactive(anon):      252 kB
Active(file):       3112 kB
Inactive(file):     4140 kB
Unevictable:           0 kB
Mlocked:               0 kB
SwapTotal:             0 kB
SwapFree:              0 kB
Dirty:                72 kB
Writeback:             0 kB
AnonPages:        448876 kB
Mapped:             4872 kB
Shmem:               348 kB
Slab:              17844 kB
SReclaimable:       9788 kB
SUnreclaim:         8056 kB
KernelStack:         840 kB
PageTables:         2936 kB
NFS_Unstable:          0 kB
Bounce:                0 kB
WritebackTmp:          0 kB
CommitLimit:      250936 kB
Committed_AS:     840644 kB
VmallocTotal:   34359738367 kB
VmallocUsed:       10704 kB
VmallocChunk:   34359721048 kB
HardwareCorrupted:     0 kB
AnonHugePages:         0 kB
HugePages_Total:       0
HugePages_Free:        0
HugePages_Rsvd:        0
HugePages_Surp:        0
Hugepagesize:       2048 kB
DirectMap4k:      325624 kB
DirectMap2M:      198656 kB
DirectMap1G:           0 kB


CPU:total 1 (1 cores per cpu, 1 threads per core) family 6 model 45 stepping 7, cmov, cx8, fxsr, mmx, sse, sse2, sse3, ssse3, sse4.1, sse4.2, popcnt, avx, aes, tsc

/proc/cpuinfo:
processor	: 0
vendor_id	: GenuineIntel
cpu family	: 6
model		: 45
model name	: Intel(R) Xeon(R) CPU E5-2630L 0 @ 2.00GHz
stepping	: 7
microcode	: 0x1
cpu MHz		: 1999.999
cache size	: 4096 KB
physical id	: 0
siblings	: 1
core id		: 0
cpu cores	: 1
apicid		: 0
initial apicid	: 0
fpu		: yes
fpu_exception	: yes
cpuid level	: 13
wp		: yes
flags		: fpu vme de pse tsc msr pae mce cx8 apic sep mtrr pge mca cmov pat pse36 clflush mmx fxsr sse sse2 ss syscall nx pdpe1gb rdtscp lm constant_tsc arch_perfmon rep_good nopl eagerfpu pni pclmulqdq vmx ssse3 cx16 pcid sse4_1 sse4_2 x2apic popcnt tsc_deadline_timer aes xsave avx hypervisor lahf_lm xsaveopt tsc_adjust
bogomips	: 3999.99
clflush size	: 64
cache_alignment	: 64
address sizes	: 40 bits physical, 48 bits virtual
power management:



Memory: 4k page, physical 501876k(7696k free), swap 0k(0k free)

vm_info: Java HotSpot(TM) 64-Bit Server VM (24.60-b09) for linux-amd64 JRE (1.7.0_60-b19), built on May  7 2014 13:18:30 by "java_re" with gcc 4.3.0 20080428 (Red Hat 4.3.0-8)

time: Sun Jun 22 08:23:30 2014
elapsed time: 0 seconds

