#
# There is insufficient memory for the Java Runtime Environment to continue.
# Native memory allocation (malloc) failed to allocate 21757952 bytes for committing reserved memory.
# Possible reasons:
#   The system is out of physical RAM or swap space
#   In 32 bit mode, the process size limit was hit
# Possible solutions:
#   Reduce memory load on the system
#   Increase physical memory or swap space
#   Check if swap backing store is full
#   Use 64 bit Java on a 64 bit OS
#   Decrease Java heap size (-Xmx/-Xms)
#   Decrease number of Java threads
#   Decrease Java thread stack sizes (-Xss)
#   Set larger code cache with -XX:ReservedCodeCacheSize=
# This output file may be truncated or incomplete.
#
#  Out of Memory Error (os_linux.cpp:2769), pid=31303, tid=140110048855808
#
# JRE version:  (7.0_55-b14) (build )
# Java VM: OpenJDK 64-Bit Server VM (24.51-b03 mixed mode linux-amd64 compressed oops)
# Failed to write core dump. Core dumps have been disabled. To enable core dumping, try "ulimit -c unlimited" before starting Java again
#

---------------  T H R E A D  ---------------

Current thread (0x00007f6de000a000):  JavaThread "Unknown thread" [_thread_in_vm, id=31308, stack(0x00007f6de9a10000,0x00007f6de9b11000)]

Stack: [0x00007f6de9a10000,0x00007f6de9b11000],  sp=0x00007f6de9b0f0d0,  free space=1020k
Native frames: (J=compiled Java code, j=interpreted, Vv=VM code, C=native code)
V  [libjvm.so+0x917b35]  VMError::report_and_die()+0x175
V  [libjvm.so+0x468144]  report_vm_out_of_memory(char const*, int, unsigned long, char const*)+0x74
V  [libjvm.so+0x79a81b]  os::pd_commit_memory(char*, unsigned long, unsigned long, bool)+0x20b
V  [libjvm.so+0x7950df]  os::commit_memory(char*, unsigned long, unsigned long, bool)+0x1f
V  [libjvm.so+0x914ab4]  VirtualSpace::expand_by(unsigned long, bool)+0x1c4
V  [libjvm.so+0x53bfab]  CardGeneration::CardGeneration(ReservedSpace, unsigned long, int, GenRemSet*)+0x11b
V  [libjvm.so+0x40e052]  CompactingPermGenGen::CompactingPermGenGen(ReservedSpace, ReservedSpace, unsigned long, int, GenRemSet*, ContiguousSpace*, PermanentGenerationSpec*)+0xa0
V  [libjvm.so+0x7df00c]  CompactingPermGen::CompactingPermGen(ReservedSpace, ReservedSpace, unsigned long, GenRemSet*, PermanentGenerationSpec*)+0x16c
V  [libjvm.so+0x53d2d4]  PermanentGenerationSpec::init(ReservedSpace, unsigned long, GenRemSet*)+0x2b4
V  [libjvm.so+0x52f0f5]  GenCollectedHeap::initialize()+0x455
V  [libjvm.so+0x8e9db7]  Universe::initialize_heap()+0xc7
V  [libjvm.so+0x8ea0e7]  universe_init()+0x67
V  [libjvm.so+0x575b45]  init_globals()+0x55
V  [libjvm.so+0x8ccfaf]  Threads::create_vm(JavaVMInitArgs*, bool*)+0x35f
V  [libjvm.so+0x5df3d4]  JNI_CreateJavaVM+0x54
C  [libjli.so+0x2b18]  __strcat_chk+0x2b18


---------------  P R O C E S S  ---------------

Java Threads: ( => current thread )

Other Threads:

=>0x00007f6de000a000 (exited) JavaThread "Unknown thread" [_thread_in_vm, id=31308, stack(0x00007f6de9a10000,0x00007f6de9b11000)]

VM state:not at safepoint (not fully initialized)

VM Mutex/Monitor currently owned by a thread: None

GC Heap History (0 events):
No events

Deoptimization events (0 events):
No events

Internal exceptions (0 events):
No events

Events (0 events):
No events


Dynamic libraries:
00400000-00401000 r-xp 00000000 fd:01 1053247                            /usr/lib/jvm/java-7-openjdk-amd64/bin/javac
00600000-00601000 r--p 00000000 fd:01 1053247                            /usr/lib/jvm/java-7-openjdk-amd64/bin/javac
00601000-00602000 rw-p 00001000 fd:01 1053247                            /usr/lib/jvm/java-7-openjdk-amd64/bin/javac
01736000-01757000 rw-p 00000000 00:00 0                                  [heap]
e6400000-e66a0000 rw-p 00000000 00:00 0 
e66a0000-eb600000 rw-p 00000000 00:00 0 
eb600000-ebb60000 rw-p 00000000 00:00 0 
ebb60000-f5a00000 rw-p 00000000 00:00 0 
f6ec0000-100000000 rw-p 00000000 00:00 0 
7f6ddd000000-7f6ddd270000 rwxp 00000000 00:00 0 
7f6ddd270000-7f6de0025000 rw-p 00000000 00:00 0 
7f6de0025000-7f6de4000000 ---p 00000000 00:00 0 
7f6de632a000-7f6de6563000 rw-p 00000000 00:00 0 
7f6de6563000-7f6de65b3000 rw-p 00000000 00:00 0 
7f6de65b3000-7f6de65b5000 rw-p 00000000 00:00 0 
7f6de65b5000-7f6de65dc000 rw-p 00000000 00:00 0 
7f6de65dc000-7f6de65df000 rw-p 00000000 00:00 0 
7f6de65df000-7f6de6681000 rw-p 00000000 00:00 0 
7f6de6681000-7f6de6682000 rw-p 00000000 00:00 0 
7f6de6682000-7f6de668a000 r-xp 00000000 fd:01 1052950                    /usr/lib/jvm/java-7-openjdk-amd64/jre/lib/amd64/libzip.so
7f6de668a000-7f6de6889000 ---p 00008000 fd:01 1052950                    /usr/lib/jvm/java-7-openjdk-amd64/jre/lib/amd64/libzip.so
7f6de6889000-7f6de688a000 r--p 00007000 fd:01 1052950                    /usr/lib/jvm/java-7-openjdk-amd64/jre/lib/amd64/libzip.so
7f6de688a000-7f6de688b000 rw-p 00008000 fd:01 1052950                    /usr/lib/jvm/java-7-openjdk-amd64/jre/lib/amd64/libzip.so
7f6de688b000-7f6de6896000 r-xp 00000000 fd:01 393443                     /lib/x86_64-linux-gnu/libnss_files-2.19.so
7f6de6896000-7f6de6a95000 ---p 0000b000 fd:01 393443                     /lib/x86_64-linux-gnu/libnss_files-2.19.so
7f6de6a95000-7f6de6a96000 r--p 0000a000 fd:01 393443                     /lib/x86_64-linux-gnu/libnss_files-2.19.so
7f6de6a96000-7f6de6a97000 rw-p 0000b000 fd:01 393443                     /lib/x86_64-linux-gnu/libnss_files-2.19.so
7f6de6a97000-7f6de6aa2000 r-xp 00000000 fd:01 393447                     /lib/x86_64-linux-gnu/libnss_nis-2.19.so
7f6de6aa2000-7f6de6ca1000 ---p 0000b000 fd:01 393447                     /lib/x86_64-linux-gnu/libnss_nis-2.19.so
7f6de6ca1000-7f6de6ca2000 r--p 0000a000 fd:01 393447                     /lib/x86_64-linux-gnu/libnss_nis-2.19.so
7f6de6ca2000-7f6de6ca3000 rw-p 0000b000 fd:01 393447                     /lib/x86_64-linux-gnu/libnss_nis-2.19.so
7f6de6ca3000-7f6de6cba000 r-xp 00000000 fd:01 393437                     /lib/x86_64-linux-gnu/libnsl-2.19.so
7f6de6cba000-7f6de6eb9000 ---p 00017000 fd:01 393437                     /lib/x86_64-linux-gnu/libnsl-2.19.so
7f6de6eb9000-7f6de6eba000 r--p 00016000 fd:01 393437                     /lib/x86_64-linux-gnu/libnsl-2.19.so
7f6de6eba000-7f6de6ebb000 rw-p 00017000 fd:01 393437                     /lib/x86_64-linux-gnu/libnsl-2.19.so
7f6de6ebb000-7f6de6ebd000 rw-p 00000000 00:00 0 
7f6de6ebd000-7f6de6ec6000 r-xp 00000000 fd:01 393439                     /lib/x86_64-linux-gnu/libnss_compat-2.19.so
7f6de6ec6000-7f6de70c5000 ---p 00009000 fd:01 393439                     /lib/x86_64-linux-gnu/libnss_compat-2.19.so
7f6de70c5000-7f6de70c6000 r--p 00008000 fd:01 393439                     /lib/x86_64-linux-gnu/libnss_compat-2.19.so
7f6de70c6000-7f6de70c7000 rw-p 00009000 fd:01 393439                     /lib/x86_64-linux-gnu/libnss_compat-2.19.so
7f6de70c7000-7f6de70f2000 r-xp 00000000 fd:01 1052944                    /usr/lib/jvm/java-7-openjdk-amd64/jre/lib/amd64/libjava.so
7f6de70f2000-7f6de72f1000 ---p 0002b000 fd:01 1052944                    /usr/lib/jvm/java-7-openjdk-amd64/jre/lib/amd64/libjava.so
7f6de72f1000-7f6de72f2000 r--p 0002a000 fd:01 1052944                    /usr/lib/jvm/java-7-openjdk-amd64/jre/lib/amd64/libjava.so
7f6de72f2000-7f6de72f4000 rw-p 0002b000 fd:01 1052944                    /usr/lib/jvm/java-7-openjdk-amd64/jre/lib/amd64/libjava.so
7f6de72f4000-7f6de7304000 r-xp 00000000 fd:01 1052979                    /usr/lib/jvm/java-7-openjdk-amd64/jre/lib/amd64/libverify.so
7f6de7304000-7f6de7503000 ---p 00010000 fd:01 1052979                    /usr/lib/jvm/java-7-openjdk-amd64/jre/lib/amd64/libverify.so
7f6de7503000-7f6de7505000 r--p 0000f000 fd:01 1052979                    /usr/lib/jvm/java-7-openjdk-amd64/jre/lib/amd64/libverify.so
7f6de7505000-7f6de7506000 rw-p 00011000 fd:01 1052979                    /usr/lib/jvm/java-7-openjdk-amd64/jre/lib/amd64/libverify.so
7f6de7506000-7f6de750d000 r-xp 00000000 fd:01 393480                     /lib/x86_64-linux-gnu/librt-2.19.so
7f6de750d000-7f6de770c000 ---p 00007000 fd:01 393480                     /lib/x86_64-linux-gnu/librt-2.19.so
7f6de770c000-7f6de770d000 r--p 00006000 fd:01 393480                     /lib/x86_64-linux-gnu/librt-2.19.so
7f6de770d000-7f6de770e000 rw-p 00007000 fd:01 393480                     /lib/x86_64-linux-gnu/librt-2.19.so
7f6de770e000-7f6de7724000 r-xp 00000000 fd:01 393408                     /lib/x86_64-linux-gnu/libgcc_s.so.1
7f6de7724000-7f6de7923000 ---p 00016000 fd:01 393408                     /lib/x86_64-linux-gnu/libgcc_s.so.1
7f6de7923000-7f6de7924000 rw-p 00015000 fd:01 393408                     /lib/x86_64-linux-gnu/libgcc_s.so.1
7f6de7924000-7f6de7a29000 r-xp 00000000 fd:01 393422                     /lib/x86_64-linux-gnu/libm-2.19.so
7f6de7a29000-7f6de7c28000 ---p 00105000 fd:01 393422                     /lib/x86_64-linux-gnu/libm-2.19.so
7f6de7c28000-7f6de7c29000 r--p 00104000 fd:01 393422                     /lib/x86_64-linux-gnu/libm-2.19.so
7f6de7c29000-7f6de7c2a000 rw-p 00105000 fd:01 393422                     /lib/x86_64-linux-gnu/libm-2.19.so
7f6de7c2a000-7f6de7d10000 r-xp 00000000 fd:01 920378                     /usr/lib/x86_64-linux-gnu/libstdc++.so.6.0.19
7f6de7d10000-7f6de7f0f000 ---p 000e6000 fd:01 920378                     /usr/lib/x86_64-linux-gnu/libstdc++.so.6.0.19
7f6de7f0f000-7f6de7f17000 r--p 000e5000 fd:01 920378                     /usr/lib/x86_64-linux-gnu/libstdc++.so.6.0.19
7f6de7f17000-7f6de7f19000 rw-p 000ed000 fd:01 920378                     /usr/lib/x86_64-linux-gnu/libstdc++.so.6.0.19
7f6de7f19000-7f6de7f2e000 rw-p 00000000 00:00 0 
7f6de7f2e000-7f6de8a0f000 r-xp 00000000 fd:01 1052961                    /usr/lib/jvm/java-7-openjdk-amd64/jre/lib/amd64/server/libjvm.so
7f6de8a0f000-7f6de8c0e000 ---p 00ae1000 fd:01 1052961                    /usr/lib/jvm/java-7-openjdk-amd64/jre/lib/amd64/server/libjvm.so
7f6de8c0e000-7f6de8ca0000 r--p 00ae0000 fd:01 1052961                    /usr/lib/jvm/java-7-openjdk-amd64/jre/lib/amd64/server/libjvm.so
7f6de8ca0000-7f6de8cc3000 rw-p 00b72000 fd:01 1052961                    /usr/lib/jvm/java-7-openjdk-amd64/jre/lib/amd64/server/libjvm.so
7f6de8cc3000-7f6de8cf0000 rw-p 00000000 00:00 0 
7f6de8cf0000-7f6de8d08000 r-xp 00000000 fd:01 393502                     /lib/x86_64-linux-gnu/libz.so.1.2.8
7f6de8d08000-7f6de8f07000 ---p 00018000 fd:01 393502                     /lib/x86_64-linux-gnu/libz.so.1.2.8
7f6de8f07000-7f6de8f08000 r--p 00017000 fd:01 393502                     /lib/x86_64-linux-gnu/libz.so.1.2.8
7f6de8f08000-7f6de8f09000 rw-p 00018000 fd:01 393502                     /lib/x86_64-linux-gnu/libz.so.1.2.8
7f6de8f09000-7f6de8f22000 r-xp 00000000 fd:01 393474                     /lib/x86_64-linux-gnu/libpthread-2.19.so
7f6de8f22000-7f6de9121000 ---p 00019000 fd:01 393474                     /lib/x86_64-linux-gnu/libpthread-2.19.so
7f6de9121000-7f6de9122000 r--p 00018000 fd:01 393474                     /lib/x86_64-linux-gnu/libpthread-2.19.so
7f6de9122000-7f6de9123000 rw-p 00019000 fd:01 393474                     /lib/x86_64-linux-gnu/libpthread-2.19.so
7f6de9123000-7f6de9127000 rw-p 00000000 00:00 0 
7f6de9127000-7f6de912a000 r-xp 00000000 fd:01 393400                     /lib/x86_64-linux-gnu/libdl-2.19.so
7f6de912a000-7f6de9329000 ---p 00003000 fd:01 393400                     /lib/x86_64-linux-gnu/libdl-2.19.so
7f6de9329000-7f6de932a000 r--p 00002000 fd:01 393400                     /lib/x86_64-linux-gnu/libdl-2.19.so
7f6de932a000-7f6de932b000 rw-p 00003000 fd:01 393400                     /lib/x86_64-linux-gnu/libdl-2.19.so
7f6de932b000-7f6de94e7000 r-xp 00000000 fd:01 393384                     /lib/x86_64-linux-gnu/libc-2.19.so
7f6de94e7000-7f6de96e6000 ---p 001bc000 fd:01 393384                     /lib/x86_64-linux-gnu/libc-2.19.so
7f6de96e6000-7f6de96ea000 r--p 001bb000 fd:01 393384                     /lib/x86_64-linux-gnu/libc-2.19.so
7f6de96ea000-7f6de96ec000 rw-p 001bf000 fd:01 393384                     /lib/x86_64-linux-gnu/libc-2.19.so
7f6de96ec000-7f6de96f1000 rw-p 00000000 00:00 0 
7f6de96f1000-7f6de96fe000 r-xp 00000000 fd:01 1052972                    /usr/lib/jvm/java-7-openjdk-amd64/jre/lib/amd64/jli/libjli.so
7f6de96fe000-7f6de98fd000 ---p 0000d000 fd:01 1052972                    /usr/lib/jvm/java-7-openjdk-amd64/jre/lib/amd64/jli/libjli.so
7f6de98fd000-7f6de98fe000 r--p 0000c000 fd:01 1052972                    /usr/lib/jvm/java-7-openjdk-amd64/jre/lib/amd64/jli/libjli.so
7f6de98fe000-7f6de98ff000 rw-p 0000d000 fd:01 1052972                    /usr/lib/jvm/java-7-openjdk-amd64/jre/lib/amd64/jli/libjli.so
7f6de98ff000-7f6de9922000 r-xp 00000000 fd:01 393364                     /lib/x86_64-linux-gnu/ld-2.19.so
7f6de9948000-7f6de9952000 rw-p 00000000 00:00 0 
7f6de9952000-7f6de9a08000 rw-p 00000000 00:00 0 
7f6de9a08000-7f6de9a10000 rw-s 00000000 fd:01 262728                     /tmp/hsperfdata_root/31303
7f6de9a10000-7f6de9a13000 ---p 00000000 00:00 0 
7f6de9a13000-7f6de9b16000 rw-p 00000000 00:00 0                          [stack:31308]
7f6de9b1b000-7f6de9b1e000 rw-p 00000000 00:00 0 
7f6de9b1e000-7f6de9b1f000 r--p 00000000 00:00 0 
7f6de9b1f000-7f6de9b21000 rw-p 00000000 00:00 0 
7f6de9b21000-7f6de9b22000 r--p 00022000 fd:01 393364                     /lib/x86_64-linux-gnu/ld-2.19.so
7f6de9b22000-7f6de9b23000 rw-p 00023000 fd:01 393364                     /lib/x86_64-linux-gnu/ld-2.19.so
7f6de9b23000-7f6de9b24000 rw-p 00000000 00:00 0 
7fff3f17e000-7fff3f19f000 rw-p 00000000 00:00 0                          [stack]
7fff3f1fe000-7fff3f200000 r-xp 00000000 00:00 0                          [vdso]
ffffffffff600000-ffffffffff601000 r-xp 00000000 00:00 0                  [vsyscall]

VM Arguments:
jvm_args: -Dapplication.home=/usr/lib/jvm/java-7-openjdk-amd64 -Xms8m 
java_command: com.sun.tools.javac.Main @/tmp/sbt_b2f6cdad/argfile
Launcher Type: SUN_STANDARD

Environment Variables:
PATH=/usr/local/sbin:/usr/local/bin:/usr/sbin:/usr/bin:/sbin:/bin:/usr/games:/usr/local/games
SHELL=/bin/bash

Signal Handlers:
SIGSEGV: [libjvm.so+0x918620], sa_mask[0]=0x7ffbfeff, sa_flags=0x10000004
SIGBUS: [libjvm.so+0x918620], sa_mask[0]=0x7ffbfeff, sa_flags=0x10000004
SIGFPE: [libjvm.so+0x795e30], sa_mask[0]=0x7ffbfeff, sa_flags=0x10000004
SIGPIPE: [libjvm.so+0x795e30], sa_mask[0]=0x7ffbfeff, sa_flags=0x10000004
SIGXFSZ: [libjvm.so+0x795e30], sa_mask[0]=0x7ffbfeff, sa_flags=0x10000004
SIGILL: [libjvm.so+0x795e30], sa_mask[0]=0x7ffbfeff, sa_flags=0x10000004
SIGUSR1: SIG_DFL, sa_mask[0]=0x00000000, sa_flags=0x00000000
SIGUSR2: [libjvm.so+0x795cd0], sa_mask[0]=0x00000004, sa_flags=0x10000004
SIGHUP: SIG_DFL, sa_mask[0]=0x00000000, sa_flags=0x00000000
SIGINT: SIG_DFL, sa_mask[0]=0x00000000, sa_flags=0x00000000
SIGTERM: SIG_DFL, sa_mask[0]=0x00000000, sa_flags=0x00000000
SIGQUIT: SIG_DFL, sa_mask[0]=0x00000000, sa_flags=0x00000000


---------------  S Y S T E M  ---------------

OS:Ubuntu 14.04 (trusty)
uname:Linux 3.13.0-24-generic #46-Ubuntu SMP Thu Apr 10 19:11:08 UTC 2014 x86_64
libc:glibc 2.19 NPTL 2.19 
rlimit: STACK 8192k, CORE 0k, NPROC 3751, NOFILE 4096, AS infinity
load average:1.49 0.49 0.21

/proc/meminfo:
MemTotal:         501876 kB
MemFree:            4760 kB
Buffers:             312 kB
Cached:             8808 kB
SwapCached:            0 kB
Active:           454136 kB
Inactive:           4972 kB
Active(anon):     450124 kB
Inactive(anon):      252 kB
Active(file):       4012 kB
Inactive(file):     4720 kB
Unevictable:           0 kB
Mlocked:               0 kB
SwapTotal:             0 kB
SwapFree:              0 kB
Dirty:                24 kB
Writeback:             0 kB
AnonPages:        450028 kB
Mapped:             5292 kB
Shmem:               348 kB
Slab:              17952 kB
SReclaimable:       9928 kB
SUnreclaim:         8024 kB
KernelStack:         824 kB
PageTables:         3016 kB
NFS_Unstable:          0 kB
Bounce:                0 kB
WritebackTmp:          0 kB
CommitLimit:      250936 kB
Committed_AS:     840588 kB
VmallocTotal:   34359738367 kB
VmallocUsed:       10704 kB
VmallocChunk:   34359721048 kB
HardwareCorrupted:     0 kB
AnonHugePages:         0 kB
HugePages_Total:       0
HugePages_Free:        0
HugePages_Rsvd:        0
HugePages_Surp:        0
Hugepagesize:       2048 kB
DirectMap4k:      325624 kB
DirectMap2M:      198656 kB
DirectMap1G:           0 kB


CPU:total 1 (1 cores per cpu, 1 threads per core) family 6 model 45 stepping 7, cmov, cx8, fxsr, mmx, sse, sse2, sse3, ssse3, sse4.1, sse4.2, popcnt, avx, aes, tsc

/proc/cpuinfo:
processor	: 0
vendor_id	: GenuineIntel
cpu family	: 6
model		: 45
model name	: Intel(R) Xeon(R) CPU E5-2630L 0 @ 2.00GHz
stepping	: 7
microcode	: 0x1
cpu MHz		: 1999.999
cache size	: 4096 KB
physical id	: 0
siblings	: 1
core id		: 0
cpu cores	: 1
apicid		: 0
initial apicid	: 0
fpu		: yes
fpu_exception	: yes
cpuid level	: 13
wp		: yes
flags		: fpu vme de pse tsc msr pae mce cx8 apic sep mtrr pge mca cmov pat pse36 clflush mmx fxsr sse sse2 ss syscall nx pdpe1gb rdtscp lm constant_tsc arch_perfmon rep_good nopl eagerfpu pni pclmulqdq vmx ssse3 cx16 pcid sse4_1 sse4_2 x2apic popcnt tsc_deadline_timer aes xsave avx hypervisor lahf_lm xsaveopt tsc_adjust
bogomips	: 3999.99
clflush size	: 64
cache_alignment	: 64
address sizes	: 40 bits physical, 48 bits virtual
power management:



Memory: 4k page, physical 501876k(4760k free), swap 0k(0k free)

vm_info: OpenJDK 64-Bit Server VM (24.51-b03) for linux-amd64 JRE (1.7.0_55-b14), built on Apr 17 2014 20:08:07 by "buildd" with gcc 4.8.2

time: Sun Jun 22 08:17:05 2014
elapsed time: 0 seconds

